<?xml version="1.0" encoding="UTF-8"?>
<!-- Generated by org.testng.reporters.JUnitXMLReporter -->
<testsuite ignored="0" hostname="MyHp" failures="0" tests="18" name="Default test" time="14.401" errors="0" timestamp="2022-07-09T21:36:16 IST">
  <testcase classname="test.TestCarInsurancePage" name="testCarInsuranceIcon" time="1.683"/>
  <testcase classname="test.TestCarInsurancePage" name="testProceedButton" time="1.005"/>
  <testcase classname="test.TestCarInsurancePage" name="testCityIcon" time="0.19"/>
  <testcase classname="test.TestCarInsurancePage" name="testCityDistrictCode" time="0.12"/>
  <testcase classname="test.TestCarInsurancePage" name="testCarIcons" time="0.833"/>
  <testcase classname="test.TestCarInsurancePage" name="testCarModelIcons" time="0.346"/>
  <testcase classname="test.TestCarInsurancePage" name="testSelectCarFuelType" time="0.428"/>
  <testcase classname="test.TestCarInsurancePage" name="testForAutomaticVariant" time="0.329"/>
  <testcase classname="test.TestCarInsurancePage" name="testForAllVariant" time="0.076"/>
  <testcase classname="test.TestCarInsurancePage" name="testForManualVariant" time="0.083"/>
  <testcase classname="test.TestCarInsurancePage" name="testSelectCarVariant" time="0.079"/>
  <testcase classname="test.TestCarInsurancePage" name="testSelectAnyYear" time="0.293"/>
  <testcase classname="test.TestCarInsurancePage" name="testWriteInvalidFullName" time="0.381"/>
  <testcase classname="test.TestCarInsurancePage" name="testWriteInvalidEmail" time="0.252"/>
  <testcase classname="test.TestCarInsurancePage" name="testWriteInvalidPhoneNumber" time="0.157"/>
  <testcase classname="test.TestCarInsurancePage" name="testViewPriceInvalidDetails" time="0.102"/>
  <testcase classname="test.TestCarInsurancePage" name="testGetEmailErrorMessage" time="0.036"/>
  <testcase classname="test.TestCarInsurancePage" name="testValidDetails" time="2.481"/>
</testsuite> <!-- Default test -->
