<?xml version="1.0" encoding="UTF-8"?>
<testng-results ignored="0" total="17" passed="16" failed="1" skipped="0">
  <reporter-output>
  </reporter-output>
  <suite started-at="2022-07-09T16:44:40 IST" name="Default suite" finished-at="2022-07-09T16:44:59 IST" duration-ms="19100">
    <groups>
    </groups>
    <test started-at="2022-07-09T16:44:40 IST" name="Default test" finished-at="2022-07-09T16:44:59 IST" duration-ms="19100">
      <class name="test.TestTravelInsurancePage">
        <test-method signature="openPage()[pri:0, instance:test.TestTravelInsurancePage@2b9f74d0]" started-at="2022-07-09T16:44:40 IST" name="openPage" finished-at="2022-07-09T16:44:42 IST" duration-ms="2405" status="PASS">
          <reporter-output>
          </reporter-output>
        </test-method> <!-- openPage -->
        <test-method signature="clickTravelInsurance()[pri:1, instance:test.TestTravelInsurancePage@2b9f74d0]" started-at="2022-07-09T16:44:42 IST" name="clickTravelInsurance" finished-at="2022-07-09T16:44:44 IST" duration-ms="1178" status="PASS">
          <reporter-output>
          </reporter-output>
        </test-method> <!-- clickTravelInsurance -->
        <test-method signature="enterRightDestination()[pri:2, instance:test.TestTravelInsurancePage@2b9f74d0]" started-at="2022-07-09T16:44:44 IST" name="enterRightDestination" finished-at="2022-07-09T16:44:44 IST" duration-ms="115" status="PASS">
          <reporter-output>
          </reporter-output>
        </test-method> <!-- enterRightDestination -->
        <test-method signature="selectRightDestination()[pri:3, instance:test.TestTravelInsurancePage@2b9f74d0]" started-at="2022-07-09T16:44:44 IST" name="selectRightDestination" finished-at="2022-07-09T16:44:49 IST" duration-ms="5223" status="FAIL">
          <exception class="org.openqa.selenium.NoSuchElementException">
            <message>
              <![CDATA[no such element: Unable to locate element: {"method":"xpath","selector":"//*[@id="input-row"]/p/i"}
  (Session info: chrome=103.0.5060.114)
For documentation on this error, please visit: https://selenium.dev/exceptions/#no_such_element
Build info: version: '4.3.0', revision: 'a4995e2c09*'
System info: host: 'DESKTOP-PFNGT10', ip: '192.168.29.153', os.name: 'Windows 11', os.arch: 'amd64', os.version: '10.0', java.version: '17.0.2'
Driver info: org.openqa.selenium.chrome.ChromeDriver
Command: [11e1efaa16ad33448ab58e474cdcb143, findElement {using=xpath, value=//*[@id="input-row"]/p/i}]
Capabilities {acceptInsecureCerts: false, browserName: chrome, browserVersion: 103.0.5060.114, chrome: {chromedriverVersion: 103.0.5060.53 (a1711811edd7..., userDataDir: C:\Users\plymouth.015\AppDa...}, goog:chromeOptions: {debuggerAddress: localhost:50043}, networkConnectionEnabled: false, pageLoadStrategy: normal, platformName: WINDOWS, proxy: Proxy(), se:cdp: ws://localhost:50043/devtoo..., se:cdpVersion: 103.0.5060.114, setWindowRect: true, strictFileInteractability: false, timeouts: {implicit: 0, pageLoad: 300000, script: 30000}, unhandledPromptBehavior: dismiss and notify, webauthn:extension:credBlob: true, webauthn:extension:largeBlob: true, webauthn:virtualAuthenticators: true}
Session ID: 11e1efaa16ad33448ab58e474cdcb143]]>
            </message>
            <full-stacktrace>
              <![CDATA[org.openqa.selenium.NoSuchElementException: no such element: Unable to locate element: {"method":"xpath","selector":"//*[@id="input-row"]/p/i"}
  (Session info: chrome=103.0.5060.114)
For documentation on this error, please visit: https://selenium.dev/exceptions/#no_such_element
Build info: version: '4.3.0', revision: 'a4995e2c09*'
System info: host: 'DESKTOP-PFNGT10', ip: '192.168.29.153', os.name: 'Windows 11', os.arch: 'amd64', os.version: '10.0', java.version: '17.0.2'
Driver info: org.openqa.selenium.chrome.ChromeDriver
Command: [11e1efaa16ad33448ab58e474cdcb143, findElement {using=xpath, value=//*[@id="input-row"]/p/i}]
Capabilities {acceptInsecureCerts: false, browserName: chrome, browserVersion: 103.0.5060.114, chrome: {chromedriverVersion: 103.0.5060.53 (a1711811edd7..., userDataDir: C:\Users\plymouth.015\AppDa...}, goog:chromeOptions: {debuggerAddress: localhost:50043}, networkConnectionEnabled: false, pageLoadStrategy: normal, platformName: WINDOWS, proxy: Proxy(), se:cdp: ws://localhost:50043/devtoo..., se:cdpVersion: 103.0.5060.114, setWindowRect: true, strictFileInteractability: false, timeouts: {implicit: 0, pageLoad: 300000, script: 30000}, unhandledPromptBehavior: dismiss and notify, webauthn:extension:credBlob: true, webauthn:extension:largeBlob: true, webauthn:virtualAuthenticators: true}
Session ID: 11e1efaa16ad33448ab58e474cdcb143
at java.base/jdk.internal.reflect.NativeConstructorAccessorImpl.newInstance0(Native Method)
at java.base/jdk.internal.reflect.NativeConstructorAccessorImpl.newInstance(NativeConstructorAccessorImpl.java:77)
at java.base/jdk.internal.reflect.DelegatingConstructorAccessorImpl.newInstance(DelegatingConstructorAccessorImpl.java:45)
at java.base/java.lang.reflect.Constructor.newInstanceWithCaller(Constructor.java:499)
at java.base/java.lang.reflect.Constructor.newInstance(Constructor.java:480)
at org.openqa.selenium.remote.codec.w3c.W3CHttpResponseCodec.createException(W3CHttpResponseCodec.java:200)
at org.openqa.selenium.remote.codec.w3c.W3CHttpResponseCodec.decode(W3CHttpResponseCodec.java:133)
at org.openqa.selenium.remote.codec.w3c.W3CHttpResponseCodec.decode(W3CHttpResponseCodec.java:53)
at org.openqa.selenium.remote.HttpCommandExecutor.execute(HttpCommandExecutor.java:184)
at org.openqa.selenium.remote.service.DriverCommandExecutor.invokeExecute(DriverCommandExecutor.java:167)
at org.openqa.selenium.remote.service.DriverCommandExecutor.execute(DriverCommandExecutor.java:142)
at org.openqa.selenium.remote.RemoteWebDriver.execute(RemoteWebDriver.java:569)
at org.openqa.selenium.remote.ElementLocation$ElementFinder$2.findElement(ElementLocation.java:162)
at org.openqa.selenium.remote.ElementLocation.findElement(ElementLocation.java:60)
at org.openqa.selenium.remote.RemoteWebDriver.findElement(RemoteWebDriver.java:387)
at org.openqa.selenium.remote.RemoteWebDriver.findElement(RemoteWebDriver.java:379)
at org.openqa.selenium.support.pagefactory.DefaultElementLocator.findElement(DefaultElementLocator.java:70)
at org.openqa.selenium.support.pagefactory.internal.LocatingElementHandler.invoke(LocatingElementHandler.java:39)
at jdk.proxy2/jdk.proxy2.$Proxy14.click(Unknown Source)
at pages.TravelInsurancePage.clearSearchTag(TravelInsurancePage.java:106)
at test.TestTravelInsurancePage.selectRightDestination(TestTravelInsurancePage.java:41)
at java.base/jdk.internal.reflect.NativeMethodAccessorImpl.invoke0(Native Method)
at java.base/jdk.internal.reflect.NativeMethodAccessorImpl.invoke(NativeMethodAccessorImpl.java:77)
at java.base/jdk.internal.reflect.DelegatingMethodAccessorImpl.invoke(DelegatingMethodAccessorImpl.java:43)
at java.base/java.lang.reflect.Method.invoke(Method.java:568)
at org.testng.internal.MethodInvocationHelper.invokeMethod(MethodInvocationHelper.java:133)
at org.testng.internal.TestInvoker.invokeMethod(TestInvoker.java:598)
at org.testng.internal.TestInvoker.invokeTestMethod(TestInvoker.java:173)
at org.testng.internal.MethodRunner.runInSequence(MethodRunner.java:46)
at org.testng.internal.TestInvoker$MethodInvocationAgent.invoke(TestInvoker.java:824)
at org.testng.internal.TestInvoker.invokeTestMethods(TestInvoker.java:146)
at org.testng.internal.TestMethodWorker.invokeTestMethods(TestMethodWorker.java:146)
at org.testng.internal.TestMethodWorker.run(TestMethodWorker.java:128)
at java.base/java.util.ArrayList.forEach(ArrayList.java:1511)
at org.testng.TestRunner.privateRun(TestRunner.java:794)
at org.testng.TestRunner.run(TestRunner.java:596)
at org.testng.SuiteRunner.runTest(SuiteRunner.java:377)
at org.testng.SuiteRunner.runSequentially(SuiteRunner.java:371)
at org.testng.SuiteRunner.privateRun(SuiteRunner.java:332)
at org.testng.SuiteRunner.run(SuiteRunner.java:276)
at org.testng.SuiteRunnerWorker.runSuite(SuiteRunnerWorker.java:53)
at org.testng.SuiteRunnerWorker.run(SuiteRunnerWorker.java:96)
at org.testng.TestNG.runSuitesSequentially(TestNG.java:1212)
at org.testng.TestNG.runSuitesLocally(TestNG.java:1134)
at org.testng.TestNG.runSuites(TestNG.java:1063)
at org.testng.TestNG.run(TestNG.java:1031)
at org.testng.remote.AbstractRemoteTestNG.run(AbstractRemoteTestNG.java:115)
at org.testng.remote.RemoteTestNG.initAndRun(RemoteTestNG.java:251)
at org.testng.remote.RemoteTestNG.main(RemoteTestNG.java:77)
]]>
            </full-stacktrace>
          </exception> <!-- org.openqa.selenium.NoSuchElementException -->
          <reporter-output>
          </reporter-output>
        </test-method> <!-- selectRightDestination -->
        <test-method signature="enterWrongDestination()[pri:4, instance:test.TestTravelInsurancePage@2b9f74d0]" started-at="2022-07-09T16:44:49 IST" name="enterWrongDestination" finished-at="2022-07-09T16:44:49 IST" duration-ms="200" status="PASS">
          <reporter-output>
          </reporter-output>
        </test-method> <!-- enterWrongDestination -->
        <test-method signature="selectWrongDestination()[pri:5, instance:test.TestTravelInsurancePage@2b9f74d0]" started-at="2022-07-09T16:44:49 IST" name="selectWrongDestination" finished-at="2022-07-09T16:44:54 IST" duration-ms="5108" status="PASS">
          <reporter-output>
          </reporter-output>
        </test-method> <!-- selectWrongDestination -->
        <test-method signature="enterDigitsDestination()[pri:6, instance:test.TestTravelInsurancePage@2b9f74d0]" started-at="2022-07-09T16:44:54 IST" name="enterDigitsDestination" finished-at="2022-07-09T16:44:54 IST" duration-ms="170" status="PASS">
          <reporter-output>
          </reporter-output>
        </test-method> <!-- enterDigitsDestination -->
        <test-method signature="enterEmptyDestination()[pri:7, instance:test.TestTravelInsurancePage@2b9f74d0]" started-at="2022-07-09T16:44:54 IST" name="enterEmptyDestination" finished-at="2022-07-09T16:44:54 IST" duration-ms="51" status="PASS">
          <reporter-output>
          </reporter-output>
        </test-method> <!-- enterEmptyDestination -->
        <test-method signature="openTravelDurationPage()[pri:8, instance:test.TestTravelInsurancePage@2b9f74d0]" started-at="2022-07-09T16:44:54 IST" name="openTravelDurationPage" finished-at="2022-07-09T16:44:55 IST" duration-ms="336" status="PASS">
          <reporter-output>
          </reporter-output>
        </test-method> <!-- openTravelDurationPage -->
        <test-method signature="setDuration()[pri:9, instance:test.TestTravelInsurancePage@2b9f74d0]" started-at="2022-07-09T16:44:55 IST" name="setDuration" finished-at="2022-07-09T16:44:55 IST" duration-ms="564" status="PASS">
          <reporter-output>
          </reporter-output>
        </test-method> <!-- setDuration -->
        <test-method signature="openTravellerPage()[pri:10, instance:test.TestTravelInsurancePage@2b9f74d0]" started-at="2022-07-09T16:44:55 IST" name="openTravellerPage" finished-at="2022-07-09T16:44:56 IST" duration-ms="766" status="PASS">
          <reporter-output>
          </reporter-output>
        </test-method> <!-- openTravellerPage -->
        <test-method signature="openMedicalPage()[pri:11, instance:test.TestTravelInsurancePage@2b9f74d0]" started-at="2022-07-09T16:44:56 IST" name="openMedicalPage" finished-at="2022-07-09T16:44:56 IST" duration-ms="113" status="PASS">
          <reporter-output>
          </reporter-output>
        </test-method> <!-- openMedicalPage -->
        <test-method signature="openContactPage()[pri:12, instance:test.TestTravelInsurancePage@2b9f74d0]" started-at="2022-07-09T16:44:56 IST" name="openContactPage" finished-at="2022-07-09T16:44:57 IST" duration-ms="487" status="PASS">
          <reporter-output>
          </reporter-output>
        </test-method> <!-- openContactPage -->
        <test-method signature="viewPlanNoContact()[pri:13, instance:test.TestTravelInsurancePage@2b9f74d0]" started-at="2022-07-09T16:44:57 IST" name="viewPlanNoContact" finished-at="2022-07-09T16:44:57 IST" duration-ms="244" status="PASS">
          <reporter-output>
          </reporter-output>
        </test-method> <!-- viewPlanNoContact -->
        <test-method signature="viewPlanPage()[pri:14, instance:test.TestTravelInsurancePage@2b9f74d0]" started-at="2022-07-09T16:44:57 IST" name="viewPlanPage" finished-at="2022-07-09T16:44:57 IST" duration-ms="280" status="PASS">
          <reporter-output>
          </reporter-output>
        </test-method> <!-- viewPlanPage -->
        <test-method signature="applyFilter()[pri:15, instance:test.TestTravelInsurancePage@2b9f74d0]" started-at="2022-07-09T16:44:57 IST" name="applyFilter" finished-at="2022-07-09T16:44:59 IST" duration-ms="1550" status="PASS">
          <reporter-output>
          </reporter-output>
        </test-method> <!-- applyFilter -->
        <test-method signature="applySort()[pri:16, instance:test.TestTravelInsurancePage@2b9f74d0]" started-at="2022-07-09T16:44:59 IST" name="applySort" finished-at="2022-07-09T16:44:59 IST" duration-ms="189" status="PASS">
          <reporter-output>
          </reporter-output>
        </test-method> <!-- applySort -->
      </class> <!-- test.TestTravelInsurancePage -->
    </test> <!-- Default test -->
  </suite> <!-- Default suite -->
</testng-results>
