<?xml version="1.0" encoding="UTF-8"?>
<testng-results ignored="0" total="16" passed="16" failed="0" skipped="0">
  <reporter-output>
  </reporter-output>
  <suite started-at="2022-07-09T16:19:25 IST" name="Default suite" finished-at="2022-07-09T16:19:44 IST" duration-ms="19150">
    <groups>
    </groups>
    <test started-at="2022-07-09T16:19:25 IST" name="Default test" finished-at="2022-07-09T16:19:44 IST" duration-ms="19150">
      <class name="test.TestTravelInsurancePage">
        <test-method signature="openPage()[pri:0, instance:test.TestTravelInsurancePage@47b67fcb]" started-at="2022-07-09T16:19:25 IST" name="openPage" finished-at="2022-07-09T16:19:27 IST" duration-ms="1948" status="PASS">
          <reporter-output>
          </reporter-output>
        </test-method> <!-- openPage -->
        <test-method signature="clickTravelInsurance()[pri:1, instance:test.TestTravelInsurancePage@47b67fcb]" started-at="2022-07-09T16:19:27 IST" name="clickTravelInsurance" finished-at="2022-07-09T16:19:29 IST" duration-ms="1987" status="PASS">
          <reporter-output>
          </reporter-output>
        </test-method> <!-- clickTravelInsurance -->
        <test-method signature="enterRightDestination()[pri:2, instance:test.TestTravelInsurancePage@47b67fcb]" started-at="2022-07-09T16:19:29 IST" name="enterRightDestination" finished-at="2022-07-09T16:19:29 IST" duration-ms="119" status="PASS">
          <reporter-output>
          </reporter-output>
        </test-method> <!-- enterRightDestination -->
        <test-method signature="selectRightDestination()[pri:3, instance:test.TestTravelInsurancePage@47b67fcb]" started-at="2022-07-09T16:19:29 IST" name="selectRightDestination" finished-at="2022-07-09T16:19:29 IST" duration-ms="248" status="PASS">
          <reporter-output>
          </reporter-output>
        </test-method> <!-- selectRightDestination -->
        <test-method signature="enterWrongDestination()[pri:4, instance:test.TestTravelInsurancePage@47b67fcb]" started-at="2022-07-09T16:19:29 IST" name="enterWrongDestination" finished-at="2022-07-09T16:19:29 IST" duration-ms="170" status="PASS">
          <reporter-output>
          </reporter-output>
        </test-method> <!-- enterWrongDestination -->
        <test-method signature="selectWrongDestination()[pri:5, instance:test.TestTravelInsurancePage@47b67fcb]" started-at="2022-07-09T16:19:29 IST" name="selectWrongDestination" finished-at="2022-07-09T16:19:39 IST" duration-ms="10061" status="PASS">
          <reporter-output>
          </reporter-output>
        </test-method> <!-- selectWrongDestination -->
        <test-method signature="enterDigitsDestination()[pri:6, instance:test.TestTravelInsurancePage@47b67fcb]" started-at="2022-07-09T16:19:39 IST" name="enterDigitsDestination" finished-at="2022-07-09T16:19:39 IST" duration-ms="181" status="PASS">
          <reporter-output>
          </reporter-output>
        </test-method> <!-- enterDigitsDestination -->
        <test-method signature="enterEmptyDestination()[pri:7, instance:test.TestTravelInsurancePage@47b67fcb]" started-at="2022-07-09T16:19:39 IST" name="enterEmptyDestination" finished-at="2022-07-09T16:19:40 IST" duration-ms="52" status="PASS">
          <reporter-output>
          </reporter-output>
        </test-method> <!-- enterEmptyDestination -->
        <test-method signature="openTravelDurationPage()[pri:8, instance:test.TestTravelInsurancePage@47b67fcb]" started-at="2022-07-09T16:19:40 IST" name="openTravelDurationPage" finished-at="2022-07-09T16:19:40 IST" duration-ms="338" status="PASS">
          <reporter-output>
          </reporter-output>
        </test-method> <!-- openTravelDurationPage -->
        <test-method signature="setDuration()[pri:9, instance:test.TestTravelInsurancePage@47b67fcb]" started-at="2022-07-09T16:19:40 IST" name="setDuration" finished-at="2022-07-09T16:19:40 IST" duration-ms="570" status="PASS">
          <reporter-output>
          </reporter-output>
        </test-method> <!-- setDuration -->
        <test-method signature="openTravellerPage()[pri:10, instance:test.TestTravelInsurancePage@47b67fcb]" started-at="2022-07-09T16:19:40 IST" name="openTravellerPage" finished-at="2022-07-09T16:19:41 IST" duration-ms="750" status="PASS">
          <reporter-output>
          </reporter-output>
        </test-method> <!-- openTravellerPage -->
        <test-method signature="openMedicalPage()[pri:11, instance:test.TestTravelInsurancePage@47b67fcb]" started-at="2022-07-09T16:19:41 IST" name="openMedicalPage" finished-at="2022-07-09T16:19:41 IST" duration-ms="120" status="PASS">
          <reporter-output>
          </reporter-output>
        </test-method> <!-- openMedicalPage -->
        <test-method signature="openContactPage()[pri:12, instance:test.TestTravelInsurancePage@47b67fcb]" started-at="2022-07-09T16:19:41 IST" name="openContactPage" finished-at="2022-07-09T16:19:42 IST" duration-ms="448" status="PASS">
          <reporter-output>
          </reporter-output>
        </test-method> <!-- openContactPage -->
        <test-method signature="viewPlanNoContact()[pri:13, instance:test.TestTravelInsurancePage@47b67fcb]" started-at="2022-07-09T16:19:42 IST" name="viewPlanNoContact" finished-at="2022-07-09T16:19:42 IST" duration-ms="226" status="PASS">
          <reporter-output>
          </reporter-output>
        </test-method> <!-- viewPlanNoContact -->
        <test-method signature="viewPlanPage()[pri:14, instance:test.TestTravelInsurancePage@47b67fcb]" started-at="2022-07-09T16:19:42 IST" name="viewPlanPage" finished-at="2022-07-09T16:19:42 IST" duration-ms="256" status="PASS">
          <reporter-output>
          </reporter-output>
        </test-method> <!-- viewPlanPage -->
        <test-method signature="applyFilter()[pri:15, instance:test.TestTravelInsurancePage@47b67fcb]" started-at="2022-07-09T16:19:42 IST" name="applyFilter" finished-at="2022-07-09T16:19:44 IST" duration-ms="1595" status="PASS">
          <reporter-output>
          </reporter-output>
        </test-method> <!-- applyFilter -->
      </class> <!-- test.TestTravelInsurancePage -->
    </test> <!-- Default test -->
  </suite> <!-- Default suite -->
</testng-results>
