<?xml version="1.0" encoding="UTF-8"?>
<testng-results ignored="0" total="18" passed="18" failed="0" skipped="0">
  <reporter-output>
  </reporter-output>
  <suite started-at="2022-07-09T21:36:01 IST" name="Default suite" finished-at="2022-07-09T21:36:16 IST" duration-ms="14401">
    <groups>
    </groups>
    <test started-at="2022-07-09T21:36:01 IST" name="Default test" finished-at="2022-07-09T21:36:16 IST" duration-ms="14401">
      <class name="test.TestCarInsurancePage">
        <test-method is-config="true" signature="setUpBrowser()[pri:0, instance:test.TestCarInsurancePage@4d5650ae]" started-at="2022-07-09T21:36:01 IST" name="setUpBrowser" finished-at="2022-07-09T21:36:04 IST" duration-ms="2879" status="PASS">
          <reporter-output>
          </reporter-output>
        </test-method> <!-- setUpBrowser -->
        <test-method is-config="true" signature="openPage()[pri:0, instance:test.TestCarInsurancePage@4d5650ae]" started-at="2022-07-09T21:36:04 IST" name="openPage" finished-at="2022-07-09T21:36:07 IST" depends-on-methods="test.TestCarInsurancePage.setUpBrowser" duration-ms="2546" status="PASS">
          <reporter-output>
          </reporter-output>
        </test-method> <!-- openPage -->
        <test-method is-config="true" signature="retrieveData()[pri:0, instance:test.TestCarInsurancePage@4d5650ae]" started-at="2022-07-09T21:36:07 IST" name="retrieveData" finished-at="2022-07-09T21:36:07 IST" depends-on-methods="test.TestCarInsurancePage.openPage" duration-ms="3" status="PASS">
          <reporter-output>
          </reporter-output>
        </test-method> <!-- retrieveData -->
        <test-method signature="testCarInsuranceIcon()[pri:1, instance:test.TestCarInsurancePage@4d5650ae]" started-at="2022-07-09T21:36:07 IST" name="testCarInsuranceIcon" finished-at="2022-07-09T21:36:09 IST" duration-ms="1683" status="PASS">
          <reporter-output>
          </reporter-output>
        </test-method> <!-- testCarInsuranceIcon -->
        <test-method signature="testProceedButton()[pri:2, instance:test.TestCarInsurancePage@4d5650ae]" started-at="2022-07-09T21:36:09 IST" name="testProceedButton" finished-at="2022-07-09T21:36:10 IST" duration-ms="1005" status="PASS">
          <reporter-output>
          </reporter-output>
        </test-method> <!-- testProceedButton -->
        <test-method signature="testCityIcon()[pri:3, instance:test.TestCarInsurancePage@4d5650ae]" started-at="2022-07-09T21:36:10 IST" name="testCityIcon" finished-at="2022-07-09T21:36:10 IST" duration-ms="190" status="PASS">
          <reporter-output>
          </reporter-output>
        </test-method> <!-- testCityIcon -->
        <test-method signature="testCityDistrictCode()[pri:4, instance:test.TestCarInsurancePage@4d5650ae]" started-at="2022-07-09T21:36:10 IST" name="testCityDistrictCode" finished-at="2022-07-09T21:36:10 IST" duration-ms="120" status="PASS">
          <reporter-output>
          </reporter-output>
        </test-method> <!-- testCityDistrictCode -->
        <test-method signature="testCarIcons()[pri:5, instance:test.TestCarInsurancePage@4d5650ae]" started-at="2022-07-09T21:36:10 IST" name="testCarIcons" finished-at="2022-07-09T21:36:11 IST" duration-ms="833" status="PASS">
          <reporter-output>
          </reporter-output>
        </test-method> <!-- testCarIcons -->
        <test-method signature="testCarModelIcons()[pri:6, instance:test.TestCarInsurancePage@4d5650ae]" started-at="2022-07-09T21:36:11 IST" name="testCarModelIcons" finished-at="2022-07-09T21:36:11 IST" duration-ms="346" status="PASS">
          <reporter-output>
          </reporter-output>
        </test-method> <!-- testCarModelIcons -->
        <test-method signature="testSelectCarFuelType()[pri:7, instance:test.TestCarInsurancePage@4d5650ae]" started-at="2022-07-09T21:36:11 IST" name="testSelectCarFuelType" finished-at="2022-07-09T21:36:12 IST" duration-ms="428" status="PASS">
          <reporter-output>
          </reporter-output>
        </test-method> <!-- testSelectCarFuelType -->
        <test-method signature="testForAutomaticVariant()[pri:8, instance:test.TestCarInsurancePage@4d5650ae]" started-at="2022-07-09T21:36:12 IST" name="testForAutomaticVariant" finished-at="2022-07-09T21:36:12 IST" duration-ms="329" status="PASS">
          <reporter-output>
          </reporter-output>
        </test-method> <!-- testForAutomaticVariant -->
        <test-method signature="testForAllVariant()[pri:9, instance:test.TestCarInsurancePage@4d5650ae]" started-at="2022-07-09T21:36:12 IST" name="testForAllVariant" finished-at="2022-07-09T21:36:12 IST" duration-ms="76" status="PASS">
          <reporter-output>
          </reporter-output>
        </test-method> <!-- testForAllVariant -->
        <test-method signature="testForManualVariant()[pri:10, instance:test.TestCarInsurancePage@4d5650ae]" started-at="2022-07-09T21:36:12 IST" name="testForManualVariant" finished-at="2022-07-09T21:36:12 IST" duration-ms="83" status="PASS">
          <reporter-output>
          </reporter-output>
        </test-method> <!-- testForManualVariant -->
        <test-method signature="testSelectCarVariant()[pri:11, instance:test.TestCarInsurancePage@4d5650ae]" started-at="2022-07-09T21:36:12 IST" name="testSelectCarVariant" finished-at="2022-07-09T21:36:12 IST" duration-ms="79" status="PASS">
          <reporter-output>
          </reporter-output>
        </test-method> <!-- testSelectCarVariant -->
        <test-method signature="testSelectAnyYear()[pri:12, instance:test.TestCarInsurancePage@4d5650ae]" started-at="2022-07-09T21:36:12 IST" name="testSelectAnyYear" finished-at="2022-07-09T21:36:12 IST" duration-ms="293" status="PASS">
          <reporter-output>
          </reporter-output>
        </test-method> <!-- testSelectAnyYear -->
        <test-method signature="testWriteInvalidFullName()[pri:13, instance:test.TestCarInsurancePage@4d5650ae]" started-at="2022-07-09T21:36:12 IST" name="testWriteInvalidFullName" finished-at="2022-07-09T21:36:13 IST" duration-ms="381" status="PASS">
          <reporter-output>
          </reporter-output>
        </test-method> <!-- testWriteInvalidFullName -->
        <test-method signature="testWriteInvalidEmail()[pri:14, instance:test.TestCarInsurancePage@4d5650ae]" started-at="2022-07-09T21:36:13 IST" name="testWriteInvalidEmail" finished-at="2022-07-09T21:36:13 IST" duration-ms="252" status="PASS">
          <reporter-output>
          </reporter-output>
        </test-method> <!-- testWriteInvalidEmail -->
        <test-method signature="testWriteInvalidPhoneNumber()[pri:15, instance:test.TestCarInsurancePage@4d5650ae]" started-at="2022-07-09T21:36:13 IST" name="testWriteInvalidPhoneNumber" finished-at="2022-07-09T21:36:13 IST" duration-ms="157" status="PASS">
          <reporter-output>
          </reporter-output>
        </test-method> <!-- testWriteInvalidPhoneNumber -->
        <test-method signature="testViewPriceInvalidDetails()[pri:16, instance:test.TestCarInsurancePage@4d5650ae]" started-at="2022-07-09T21:36:13 IST" name="testViewPriceInvalidDetails" finished-at="2022-07-09T21:36:13 IST" duration-ms="102" status="PASS">
          <reporter-output>
          </reporter-output>
        </test-method> <!-- testViewPriceInvalidDetails -->
        <test-method signature="testGetEmailErrorMessage()[pri:17, instance:test.TestCarInsurancePage@4d5650ae]" started-at="2022-07-09T21:36:13 IST" name="testGetEmailErrorMessage" finished-at="2022-07-09T21:36:13 IST" duration-ms="36" status="PASS">
          <reporter-output>
          </reporter-output>
        </test-method> <!-- testGetEmailErrorMessage -->
        <test-method signature="testValidDetails()[pri:18, instance:test.TestCarInsurancePage@4d5650ae]" started-at="2022-07-09T21:36:13 IST" name="testValidDetails" finished-at="2022-07-09T21:36:16 IST" duration-ms="2481" status="PASS">
          <reporter-output>
          </reporter-output>
        </test-method> <!-- testValidDetails -->
      </class> <!-- test.TestCarInsurancePage -->
    </test> <!-- Default test -->
  </suite> <!-- Default suite -->
</testng-results>
