<?xml version="1.0" encoding="UTF-8"?>
<testng-results ignored="0" total="11" passed="10" failed="1" skipped="0">
  <reporter-output>
  </reporter-output>
  <suite started-at="2022-07-08T23:50:42 IST" name="Default suite" finished-at="2022-07-08T23:50:47 IST" duration-ms="4919">
    <groups>
    </groups>
    <test started-at="2022-07-08T23:50:42 IST" name="Default test" finished-at="2022-07-08T23:50:47 IST" duration-ms="4919">
      <class name="test.TestTravelInsurancePage">
        <test-method signature="openPage()[pri:0, instance:test.TestTravelInsurancePage@4d8286c4]" started-at="2022-07-08T23:50:42 IST" name="openPage" finished-at="2022-07-08T23:50:44 IST" duration-ms="2114" status="PASS">
          <reporter-output>
          </reporter-output>
        </test-method> <!-- openPage -->
        <test-method signature="clickTravelInsurance()[pri:1, instance:test.TestTravelInsurancePage@4d8286c4]" started-at="2022-07-08T23:50:44 IST" name="clickTravelInsurance" finished-at="2022-07-08T23:50:45 IST" duration-ms="968" status="PASS">
          <reporter-output>
          </reporter-output>
        </test-method> <!-- clickTravelInsurance -->
        <test-method signature="enterRightDestination()[pri:2, instance:test.TestTravelInsurancePage@4d8286c4]" started-at="2022-07-08T23:50:45 IST" name="enterRightDestination" finished-at="2022-07-08T23:50:45 IST" duration-ms="96" status="PASS">
          <reporter-output>
          </reporter-output>
        </test-method> <!-- enterRightDestination -->
        <test-method signature="selectRightDestination()[pri:3, instance:test.TestTravelInsurancePage@4d8286c4]" started-at="2022-07-08T23:50:45 IST" name="selectRightDestination" finished-at="2022-07-08T23:50:45 IST" duration-ms="152" status="FAIL">
          <exception class="org.openqa.selenium.StaleElementReferenceException">
            <message>
              <![CDATA[stale element reference: element is not attached to the page document
  (Session info: chrome=103.0.5060.114)
For documentation on this error, please visit: https://selenium.dev/exceptions/#stale_element_reference
Build info: version: '4.3.0', revision: 'a4995e2c09*'
System info: host: 'DESKTOP-PFNGT10', ip: '192.168.29.153', os.name: 'Windows 11', os.arch: 'amd64', os.version: '10.0', java.version: '17.0.2'
Driver info: org.openqa.selenium.chrome.ChromeDriver
Command: [2fb51e5487c0dd3fe816024eb4211910, clickElement {id=683c4e50-9b4b-4462-9998-5fb5b208ae10}]
Capabilities {acceptInsecureCerts: false, browserName: chrome, browserVersion: 103.0.5060.114, chrome: {chromedriverVersion: 103.0.5060.53 (a1711811edd7..., userDataDir: C:\Users\plymouth.015\AppDa...}, goog:chromeOptions: {debuggerAddress: localhost:63114}, networkConnectionEnabled: false, pageLoadStrategy: normal, platformName: WINDOWS, proxy: Proxy(), se:cdp: ws://localhost:63114/devtoo..., se:cdpVersion: 103.0.5060.114, setWindowRect: true, strictFileInteractability: false, timeouts: {implicit: 0, pageLoad: 300000, script: 30000}, unhandledPromptBehavior: dismiss and notify, webauthn:extension:credBlob: true, webauthn:extension:largeBlob: true, webauthn:virtualAuthenticators: true}
Element: [[ChromeDriver: chrome on WINDOWS (2fb51e5487c0dd3fe816024eb4211910)] -> xpath: //*[@id="input-row"]/p/i]
Session ID: 2fb51e5487c0dd3fe816024eb4211910]]>
            </message>
            <full-stacktrace>
              <![CDATA[org.openqa.selenium.StaleElementReferenceException: stale element reference: element is not attached to the page document
  (Session info: chrome=103.0.5060.114)
For documentation on this error, please visit: https://selenium.dev/exceptions/#stale_element_reference
Build info: version: '4.3.0', revision: 'a4995e2c09*'
System info: host: 'DESKTOP-PFNGT10', ip: '192.168.29.153', os.name: 'Windows 11', os.arch: 'amd64', os.version: '10.0', java.version: '17.0.2'
Driver info: org.openqa.selenium.chrome.ChromeDriver
Command: [2fb51e5487c0dd3fe816024eb4211910, clickElement {id=683c4e50-9b4b-4462-9998-5fb5b208ae10}]
Capabilities {acceptInsecureCerts: false, browserName: chrome, browserVersion: 103.0.5060.114, chrome: {chromedriverVersion: 103.0.5060.53 (a1711811edd7..., userDataDir: C:\Users\plymouth.015\AppDa...}, goog:chromeOptions: {debuggerAddress: localhost:63114}, networkConnectionEnabled: false, pageLoadStrategy: normal, platformName: WINDOWS, proxy: Proxy(), se:cdp: ws://localhost:63114/devtoo..., se:cdpVersion: 103.0.5060.114, setWindowRect: true, strictFileInteractability: false, timeouts: {implicit: 0, pageLoad: 300000, script: 30000}, unhandledPromptBehavior: dismiss and notify, webauthn:extension:credBlob: true, webauthn:extension:largeBlob: true, webauthn:virtualAuthenticators: true}
Element: [[ChromeDriver: chrome on WINDOWS (2fb51e5487c0dd3fe816024eb4211910)] -> xpath: //*[@id="input-row"]/p/i]
Session ID: 2fb51e5487c0dd3fe816024eb4211910
at java.base/jdk.internal.reflect.NativeConstructorAccessorImpl.newInstance0(Native Method)
at java.base/jdk.internal.reflect.NativeConstructorAccessorImpl.newInstance(NativeConstructorAccessorImpl.java:77)
at java.base/jdk.internal.reflect.DelegatingConstructorAccessorImpl.newInstance(DelegatingConstructorAccessorImpl.java:45)
at java.base/java.lang.reflect.Constructor.newInstanceWithCaller(Constructor.java:499)
at java.base/java.lang.reflect.Constructor.newInstance(Constructor.java:480)
at org.openqa.selenium.remote.codec.w3c.W3CHttpResponseCodec.createException(W3CHttpResponseCodec.java:200)
at org.openqa.selenium.remote.codec.w3c.W3CHttpResponseCodec.decode(W3CHttpResponseCodec.java:133)
at org.openqa.selenium.remote.codec.w3c.W3CHttpResponseCodec.decode(W3CHttpResponseCodec.java:53)
at org.openqa.selenium.remote.HttpCommandExecutor.execute(HttpCommandExecutor.java:184)
at org.openqa.selenium.remote.service.DriverCommandExecutor.invokeExecute(DriverCommandExecutor.java:167)
at org.openqa.selenium.remote.service.DriverCommandExecutor.execute(DriverCommandExecutor.java:142)
at org.openqa.selenium.remote.RemoteWebDriver.execute(RemoteWebDriver.java:569)
at org.openqa.selenium.remote.RemoteWebElement.execute(RemoteWebElement.java:257)
at org.openqa.selenium.remote.RemoteWebElement.click(RemoteWebElement.java:78)
at java.base/jdk.internal.reflect.NativeMethodAccessorImpl.invoke0(Native Method)
at java.base/jdk.internal.reflect.NativeMethodAccessorImpl.invoke(NativeMethodAccessorImpl.java:77)
at java.base/jdk.internal.reflect.DelegatingMethodAccessorImpl.invoke(DelegatingMethodAccessorImpl.java:43)
at java.base/java.lang.reflect.Method.invoke(Method.java:568)
at org.openqa.selenium.support.pagefactory.internal.LocatingElementHandler.invoke(LocatingElementHandler.java:52)
at jdk.proxy2/jdk.proxy2.$Proxy14.click(Unknown Source)
at pages.TravelInsurancePage.clearSearchTag(TravelInsurancePage.java:91)
at test.TestTravelInsurancePage.selectRightDestination(TestTravelInsurancePage.java:41)
at java.base/jdk.internal.reflect.NativeMethodAccessorImpl.invoke0(Native Method)
at java.base/jdk.internal.reflect.NativeMethodAccessorImpl.invoke(NativeMethodAccessorImpl.java:77)
at java.base/jdk.internal.reflect.DelegatingMethodAccessorImpl.invoke(DelegatingMethodAccessorImpl.java:43)
at java.base/java.lang.reflect.Method.invoke(Method.java:568)
at org.testng.internal.MethodInvocationHelper.invokeMethod(MethodInvocationHelper.java:133)
at org.testng.internal.TestInvoker.invokeMethod(TestInvoker.java:598)
at org.testng.internal.TestInvoker.invokeTestMethod(TestInvoker.java:173)
at org.testng.internal.MethodRunner.runInSequence(MethodRunner.java:46)
at org.testng.internal.TestInvoker$MethodInvocationAgent.invoke(TestInvoker.java:824)
at org.testng.internal.TestInvoker.invokeTestMethods(TestInvoker.java:146)
at org.testng.internal.TestMethodWorker.invokeTestMethods(TestMethodWorker.java:146)
at org.testng.internal.TestMethodWorker.run(TestMethodWorker.java:128)
at java.base/java.util.ArrayList.forEach(ArrayList.java:1511)
at org.testng.TestRunner.privateRun(TestRunner.java:794)
at org.testng.TestRunner.run(TestRunner.java:596)
at org.testng.SuiteRunner.runTest(SuiteRunner.java:377)
at org.testng.SuiteRunner.runSequentially(SuiteRunner.java:371)
at org.testng.SuiteRunner.privateRun(SuiteRunner.java:332)
at org.testng.SuiteRunner.run(SuiteRunner.java:276)
at org.testng.SuiteRunnerWorker.runSuite(SuiteRunnerWorker.java:53)
at org.testng.SuiteRunnerWorker.run(SuiteRunnerWorker.java:96)
at org.testng.TestNG.runSuitesSequentially(TestNG.java:1212)
at org.testng.TestNG.runSuitesLocally(TestNG.java:1134)
at org.testng.TestNG.runSuites(TestNG.java:1063)
at org.testng.TestNG.run(TestNG.java:1031)
at org.testng.remote.AbstractRemoteTestNG.run(AbstractRemoteTestNG.java:115)
at org.testng.remote.RemoteTestNG.initAndRun(RemoteTestNG.java:251)
at org.testng.remote.RemoteTestNG.main(RemoteTestNG.java:77)
]]>
            </full-stacktrace>
          </exception> <!-- org.openqa.selenium.StaleElementReferenceException -->
          <reporter-output>
          </reporter-output>
        </test-method> <!-- selectRightDestination -->
        <test-method signature="enterWrongDestination()[pri:4, instance:test.TestTravelInsurancePage@4d8286c4]" started-at="2022-07-08T23:50:45 IST" name="enterWrongDestination" finished-at="2022-07-08T23:50:45 IST" duration-ms="118" status="PASS">
          <reporter-output>
          </reporter-output>
        </test-method> <!-- enterWrongDestination -->
        <test-method signature="selectWrongDestination()[pri:5, instance:test.TestTravelInsurancePage@4d8286c4]" started-at="2022-07-08T23:50:45 IST" name="selectWrongDestination" finished-at="2022-07-08T23:50:45 IST" duration-ms="48" status="PASS">
          <reporter-output>
          </reporter-output>
        </test-method> <!-- selectWrongDestination -->
        <test-method signature="enterDigitsDestination()[pri:6, instance:test.TestTravelInsurancePage@4d8286c4]" started-at="2022-07-08T23:50:45 IST" name="enterDigitsDestination" finished-at="2022-07-08T23:50:45 IST" duration-ms="120" status="PASS">
          <reporter-output>
          </reporter-output>
        </test-method> <!-- enterDigitsDestination -->
        <test-method signature="enterEmptyDestination()[pri:7, instance:test.TestTravelInsurancePage@4d8286c4]" started-at="2022-07-08T23:50:45 IST" name="enterEmptyDestination" finished-at="2022-07-08T23:50:45 IST" duration-ms="35" status="PASS">
          <reporter-output>
          </reporter-output>
        </test-method> <!-- enterEmptyDestination -->
        <test-method signature="openTravelDurationTab()[pri:8, instance:test.TestTravelInsurancePage@4d8286c4]" started-at="2022-07-08T23:50:45 IST" name="openTravelDurationTab" finished-at="2022-07-08T23:50:46 IST" duration-ms="222" status="PASS">
          <reporter-output>
          </reporter-output>
        </test-method> <!-- openTravelDurationTab -->
        <test-method signature="setDuration()[pri:9, instance:test.TestTravelInsurancePage@4d8286c4]" started-at="2022-07-08T23:50:46 IST" name="setDuration" finished-at="2022-07-08T23:50:46 IST" duration-ms="361" status="PASS">
          <reporter-output>
          </reporter-output>
        </test-method> <!-- setDuration -->
        <test-method signature="openTravellerPage()[pri:10, instance:test.TestTravelInsurancePage@4d8286c4]" started-at="2022-07-08T23:50:46 IST" name="openTravellerPage" finished-at="2022-07-08T23:50:47 IST" duration-ms="640" status="PASS">
          <reporter-output>
          </reporter-output>
        </test-method> <!-- openTravellerPage -->
      </class> <!-- test.TestTravelInsurancePage -->
    </test> <!-- Default test -->
  </suite> <!-- Default suite -->
</testng-results>
