<?xml version="1.0" encoding="UTF-8"?>
<testng-results ignored="0" total="2" passed="2" failed="0" skipped="0">
  <reporter-output>
  </reporter-output>
  <suite started-at="2022-07-08T11:33:54 IST" name="Default suite" finished-at="2022-07-08T11:33:58 IST" duration-ms="3672">
    <groups>
    </groups>
    <test started-at="2022-07-08T11:33:54 IST" name="Default test" finished-at="2022-07-08T11:33:58 IST" duration-ms="3672">
      <class name="test.TestTravelInsurancePage">
        <test-method signature="openPage()[pri:0, instance:test.TestTravelInsurancePage@4e1459ea]" started-at="2022-07-08T11:33:54 IST" name="openPage" finished-at="2022-07-08T11:33:57 IST" duration-ms="2473" status="PASS">
          <reporter-output>
          </reporter-output>
        </test-method> <!-- openPage -->
        <test-method signature="clickTravelInsurance()[pri:1, instance:test.TestTravelInsurancePage@4e1459ea]" started-at="2022-07-08T11:33:57 IST" name="clickTravelInsurance" finished-at="2022-07-08T11:33:58 IST" duration-ms="1135" status="PASS">
          <reporter-output>
          </reporter-output>
        </test-method> <!-- clickTravelInsurance -->
      </class> <!-- test.TestTravelInsurancePage -->
    </test> <!-- Default test -->
  </suite> <!-- Default suite -->
</testng-results>
