<?xml version="1.0" encoding="UTF-8"?>
<testng-results ignored="0" total="21" passed="21" failed="0" skipped="0">
  <reporter-output>
  </reporter-output>
  <suite started-at="2022-07-10T10:43:01 IST" name="Default suite" finished-at="2022-07-10T10:43:19 IST" duration-ms="17637">
    <groups>
    </groups>
    <test started-at="2022-07-10T10:43:01 IST" name="Default test" finished-at="2022-07-10T10:43:19 IST" duration-ms="17637">
      <class name="test.TestTravelInsurancePage">
        <test-method signature="openPage()[pri:0, instance:test.TestTravelInsurancePage@267dc982]" started-at="2022-07-10T10:43:01 IST" name="openPage" finished-at="2022-07-10T10:43:03 IST" duration-ms="2223" status="PASS">
          <reporter-output>
          </reporter-output>
        </test-method> <!-- openPage -->
        <test-method signature="clickTravelInsurance()[pri:1, instance:test.TestTravelInsurancePage@267dc982]" started-at="2022-07-10T10:43:03 IST" name="clickTravelInsurance" finished-at="2022-07-10T10:43:03 IST" duration-ms="90" status="PASS">
          <reporter-output>
          </reporter-output>
        </test-method> <!-- clickTravelInsurance -->
        <test-method signature="enterRightDestination()[pri:2, instance:test.TestTravelInsurancePage@267dc982]" started-at="2022-07-10T10:43:03 IST" name="enterRightDestination" finished-at="2022-07-10T10:43:04 IST" duration-ms="952" status="PASS">
          <reporter-output>
          </reporter-output>
        </test-method> <!-- enterRightDestination -->
        <test-method signature="selectRightDestination()[pri:3, instance:test.TestTravelInsurancePage@267dc982]" started-at="2022-07-10T10:43:04 IST" name="selectRightDestination" finished-at="2022-07-10T10:43:05 IST" duration-ms="213" status="PASS">
          <reporter-output>
          </reporter-output>
        </test-method> <!-- selectRightDestination -->
        <test-method signature="enterWrongDestination()[pri:4, instance:test.TestTravelInsurancePage@267dc982]" started-at="2022-07-10T10:43:05 IST" name="enterWrongDestination" finished-at="2022-07-10T10:43:05 IST" duration-ms="114" status="PASS">
          <reporter-output>
          </reporter-output>
        </test-method> <!-- enterWrongDestination -->
        <test-method signature="selectWrongDestination()[pri:5, instance:test.TestTravelInsurancePage@267dc982]" started-at="2022-07-10T10:43:05 IST" name="selectWrongDestination" finished-at="2022-07-10T10:43:10 IST" duration-ms="5066" status="PASS">
          <reporter-output>
          </reporter-output>
        </test-method> <!-- selectWrongDestination -->
        <test-method signature="enterDigitsDestination()[pri:6, instance:test.TestTravelInsurancePage@267dc982]" started-at="2022-07-10T10:43:10 IST" name="enterDigitsDestination" finished-at="2022-07-10T10:43:10 IST" duration-ms="140" status="PASS">
          <reporter-output>
          </reporter-output>
        </test-method> <!-- enterDigitsDestination -->
        <test-method signature="enterEmptyDestination()[pri:7, instance:test.TestTravelInsurancePage@267dc982]" started-at="2022-07-10T10:43:10 IST" name="enterEmptyDestination" finished-at="2022-07-10T10:43:10 IST" duration-ms="38" status="PASS">
          <reporter-output>
          </reporter-output>
        </test-method> <!-- enterEmptyDestination -->
        <test-method signature="openTravelDurationPage()[pri:8, instance:test.TestTravelInsurancePage@267dc982]" started-at="2022-07-10T10:43:10 IST" name="openTravelDurationPage" finished-at="2022-07-10T10:43:10 IST" duration-ms="257" status="PASS">
          <reporter-output>
          </reporter-output>
        </test-method> <!-- openTravelDurationPage -->
        <test-method signature="setDuration()[pri:9, instance:test.TestTravelInsurancePage@267dc982]" started-at="2022-07-10T10:43:10 IST" name="setDuration" finished-at="2022-07-10T10:43:11 IST" duration-ms="496" status="PASS">
          <reporter-output>
          </reporter-output>
        </test-method> <!-- setDuration -->
        <test-method signature="openTravellerPage()[pri:10, instance:test.TestTravelInsurancePage@267dc982]" started-at="2022-07-10T10:43:11 IST" name="openTravellerPage" finished-at="2022-07-10T10:43:11 IST" duration-ms="710" status="PASS">
          <reporter-output>
          </reporter-output>
        </test-method> <!-- openTravellerPage -->
        <test-method signature="openMedicalPage()[pri:11, instance:test.TestTravelInsurancePage@267dc982]" started-at="2022-07-10T10:43:11 IST" name="openMedicalPage" finished-at="2022-07-10T10:43:12 IST" duration-ms="83" status="PASS">
          <reporter-output>
          </reporter-output>
        </test-method> <!-- openMedicalPage -->
        <test-method signature="openContactPage()[pri:12, instance:test.TestTravelInsurancePage@267dc982]" started-at="2022-07-10T10:43:12 IST" name="openContactPage" finished-at="2022-07-10T10:43:12 IST" duration-ms="350" status="PASS">
          <reporter-output>
          </reporter-output>
        </test-method> <!-- openContactPage -->
        <test-method signature="viewPlanNoContact()[pri:13, instance:test.TestTravelInsurancePage@267dc982]" started-at="2022-07-10T10:43:12 IST" name="viewPlanNoContact" finished-at="2022-07-10T10:43:12 IST" duration-ms="184" status="PASS">
          <reporter-output>
          </reporter-output>
        </test-method> <!-- viewPlanNoContact -->
        <test-method signature="viewPlanPage()[pri:14, instance:test.TestTravelInsurancePage@267dc982]" started-at="2022-07-10T10:43:12 IST" name="viewPlanPage" finished-at="2022-07-10T10:43:12 IST" duration-ms="212" status="PASS">
          <reporter-output>
          </reporter-output>
        </test-method> <!-- viewPlanPage -->
        <test-method signature="applyFilter()[pri:15, instance:test.TestTravelInsurancePage@267dc982]" started-at="2022-07-10T10:43:12 IST" name="applyFilter" finished-at="2022-07-10T10:43:14 IST" duration-ms="1410" status="PASS">
          <reporter-output>
          </reporter-output>
        </test-method> <!-- applyFilter -->
        <test-method signature="applySort()[pri:16, instance:test.TestTravelInsurancePage@267dc982]" started-at="2022-07-10T10:43:14 IST" name="applySort" finished-at="2022-07-10T10:43:14 IST" duration-ms="366" status="PASS">
          <reporter-output>
          </reporter-output>
        </test-method> <!-- applySort -->
        <test-method signature="getCardName()[pri:17, instance:test.TestTravelInsurancePage@267dc982]" started-at="2022-07-10T10:43:14 IST" name="getCardName" finished-at="2022-07-10T10:43:14 IST" duration-ms="263" status="PASS">
          <reporter-output>
          </reporter-output>
        </test-method> <!-- getCardName -->
        <test-method signature="getCardPrice()[pri:18, instance:test.TestTravelInsurancePage@267dc982]" started-at="2022-07-10T10:43:14 IST" name="getCardPrice" finished-at="2022-07-10T10:43:15 IST" duration-ms="282" status="PASS">
          <reporter-output>
          </reporter-output>
        </test-method> <!-- getCardPrice -->
        <test-method signature="getInfo()[pri:19, instance:test.TestTravelInsurancePage@267dc982]" started-at="2022-07-10T10:43:15 IST" name="getInfo" finished-at="2022-07-10T10:43:15 IST" duration-ms="1" status="PASS">
          <reporter-output>
          </reporter-output>
        </test-method> <!-- getInfo -->
        <test-method signature="tearDown()[pri:20, instance:test.TestTravelInsurancePage@267dc982]" started-at="2022-07-10T10:43:15 IST" name="tearDown" finished-at="2022-07-10T10:43:19 IST" duration-ms="4130" status="PASS">
          <reporter-output>
          </reporter-output>
        </test-method> <!-- tearDown -->
      </class> <!-- test.TestTravelInsurancePage -->
    </test> <!-- Default test -->
  </suite> <!-- Default suite -->
</testng-results>
